Started GET "/hello" for ::1 at 2016-09-16 18:35:29 +0900
  
ActionController::RoutingError (No route matches [GET] "/hello"):
  
actionpack (5.0.0.1) lib/action_dispatch/middleware/debug_exceptions.rb:53:in `call'
web-console (3.1.1) lib/web_console/middleware.rb:131:in `call_app'
web-console (3.1.1) lib/web_console/middleware.rb:28:in `block in call'
web-console (3.1.1) lib/web_console/middleware.rb:18:in `catch'
web-console (3.1.1) lib/web_console/middleware.rb:18:in `call'
actionpack (5.0.0.1) lib/action_dispatch/middleware/show_exceptions.rb:31:in `call'
railties (5.0.0.1) lib/rails/rack/logger.rb:36:in `call_app'
railties (5.0.0.1) lib/rails/rack/logger.rb:24:in `block in call'
activesupport (5.0.0.1) lib/active_support/tagged_logging.rb:70:in `block in tagged'
activesupport (5.0.0.1) lib/active_support/tagged_logging.rb:26:in `tagged'
activesupport (5.0.0.1) lib/active_support/tagged_logging.rb:70:in `tagged'
railties (5.0.0.1) lib/rails/rack/logger.rb:24:in `call'
sprockets-rails (3.2.0) lib/sprockets/rails/quiet_assets.rb:13:in `call'
actionpack (5.0.0.1) lib/action_dispatch/middleware/request_id.rb:24:in `call'
rack (2.0.1) lib/rack/method_override.rb:22:in `call'
rack (2.0.1) lib/rack/runtime.rb:22:in `call'
activesupport (5.0.0.1) lib/active_support/cache/strategy/local_cache_middleware.rb:28:in `call'
actionpack (5.0.0.1) lib/action_dispatch/middleware/executor.rb:12:in `call'
actionpack (5.0.0.1) lib/action_dispatch/middleware/static.rb:136:in `call'
rack (2.0.1) lib/rack/sendfile.rb:111:in `call'
railties (5.0.0.1) lib/rails/engine.rb:522:in `call'
puma (3.4.0) lib/puma/configuration.rb:224:in `call'
puma (3.4.0) lib/puma/server.rb:569:in `handle_request'
puma (3.4.0) lib/puma/server.rb:406:in `process_client'
puma (3.4.0) lib/puma/server.rb:271:in `block in run'
puma (3.4.0) lib/puma/thread_pool.rb:114:in `block in spawn_thread'
  Rendering /Users/vunhattan/.rbenv/versions/2.3.1/lib/ruby/gems/2.3.0/gems/actionpack-5.0.0.1/lib/action_dispatch/middleware/templates/rescues/routing_error.html.erb within rescues/layout
  Rendering /Users/vunhattan/.rbenv/versions/2.3.1/lib/ruby/gems/2.3.0/gems/actionpack-5.0.0.1/lib/action_dispatch/middleware/templates/rescues/_trace.html.erb
  Rendered /Users/vunhattan/.rbenv/versions/2.3.1/lib/ruby/gems/2.3.0/gems/actionpack-5.0.0.1/lib/action_dispatch/middleware/templates/rescues/_trace.html.erb (1.0ms)
  Rendered collection of /Users/vunhattan/.rbenv/versions/2.3.1/lib/ruby/gems/2.3.0/gems/actionpack-5.0.0.1/lib/action_dispatch/middleware/templates/routes/_route.html.erb [1 times] (44.7ms)
  Rendered /Users/vunhattan/.rbenv/versions/2.3.1/lib/ruby/gems/2.3.0/gems/actionpack-5.0.0.1/lib/action_dispatch/middleware/templates/routes/_table.html.erb (13.5ms)
  Rendering /Users/vunhattan/.rbenv/versions/2.3.1/lib/ruby/gems/2.3.0/gems/actionpack-5.0.0.1/lib/action_dispatch/middleware/templates/rescues/_request_and_response.html.erb
  Rendered /Users/vunhattan/.rbenv/versions/2.3.1/lib/ruby/gems/2.3.0/gems/actionpack-5.0.0.1/lib/action_dispatch/middleware/templates/rescues/_request_and_response.html.erb (7.6ms)
  Rendered /Users/vunhattan/.rbenv/versions/2.3.1/lib/ruby/gems/2.3.0/gems/actionpack-5.0.0.1/lib/action_dispatch/middleware/templates/rescues/routing_error.html.erb within rescues/layout (169.1ms)
  Rendering /Users/vunhattan/.rbenv/versions/2.3.1/lib/ruby/gems/2.3.0/gems/web-console-3.1.1/lib/web_console/templates/index.html.erb
  Rendered /Users/vunhattan/.rbenv/versions/2.3.1/lib/ruby/gems/2.3.0/gems/web-console-3.1.1/lib/web_console/templates/_markup.html.erb (0.3ms)
  Rendering /Users/vunhattan/.rbenv/versions/2.3.1/lib/ruby/gems/2.3.0/gems/web-console-3.1.1/lib/web_console/templates/console.js.erb within layouts/javascript
  Rendering /Users/vunhattan/.rbenv/versions/2.3.1/lib/ruby/gems/2.3.0/gems/web-console-3.1.1/lib/web_console/templates/_inner_console_markup.html.erb within layouts/inlined_string
  Rendered /Users/vunhattan/.rbenv/versions/2.3.1/lib/ruby/gems/2.3.0/gems/web-console-3.1.1/lib/web_console/templates/_inner_console_markup.html.erb within layouts/inlined_string (0.3ms)
  Rendering /Users/vunhattan/.rbenv/versions/2.3.1/lib/ruby/gems/2.3.0/gems/web-console-3.1.1/lib/web_console/templates/_prompt_box_markup.html.erb within layouts/inlined_string
  Rendered /Users/vunhattan/.rbenv/versions/2.3.1/lib/ruby/gems/2.3.0/gems/web-console-3.1.1/lib/web_console/templates/_prompt_box_markup.html.erb within layouts/inlined_string (0.3ms)
  Rendering /Users/vunhattan/.rbenv/versions/2.3.1/lib/ruby/gems/2.3.0/gems/web-console-3.1.1/lib/web_console/templates/style.css.erb within layouts/inlined_string
  Rendered /Users/vunhattan/.rbenv/versions/2.3.1/lib/ruby/gems/2.3.0/gems/web-console-3.1.1/lib/web_console/templates/style.css.erb within layouts/inlined_string (0.5ms)
  Rendered /Users/vunhattan/.rbenv/versions/2.3.1/lib/ruby/gems/2.3.0/gems/web-console-3.1.1/lib/web_console/templates/console.js.erb within layouts/javascript (60.9ms)
  Rendering /Users/vunhattan/.rbenv/versions/2.3.1/lib/ruby/gems/2.3.0/gems/web-console-3.1.1/lib/web_console/templates/main.js.erb within layouts/javascript
  Rendered /Users/vunhattan/.rbenv/versions/2.3.1/lib/ruby/gems/2.3.0/gems/web-console-3.1.1/lib/web_console/templates/main.js.erb within layouts/javascript (0.2ms)
  Rendered /Users/vunhattan/.rbenv/versions/2.3.1/lib/ruby/gems/2.3.0/gems/web-console-3.1.1/lib/web_console/templates/index.html.erb (110.7ms)
Started GET "/" for ::1 at 2016-09-16 18:35:32 +0900
Processing by ApplicationController#hello as HTML
  Rendering html template
  Rendered html template (0.0ms)
Completed 200 OK in 2ms (Views: 1.4ms | ActiveRecord: 0.0ms)


Started GET "/application/hello" for ::1 at 2016-09-16 18:35:44 +0900
  
ActionController::RoutingError (No route matches [GET] "/application/hello"):
  
actionpack (5.0.0.1) lib/action_dispatch/middleware/debug_exceptions.rb:53:in `call'
web-console (3.1.1) lib/web_console/middleware.rb:131:in `call_app'
web-console (3.1.1) lib/web_console/middleware.rb:28:in `block in call'
web-console (3.1.1) lib/web_console/middleware.rb:18:in `catch'
web-console (3.1.1) lib/web_console/middleware.rb:18:in `call'
actionpack (5.0.0.1) lib/action_dispatch/middleware/show_exceptions.rb:31:in `call'
railties (5.0.0.1) lib/rails/rack/logger.rb:36:in `call_app'
railties (5.0.0.1) lib/rails/rack/logger.rb:24:in `block in call'
activesupport (5.0.0.1) lib/active_support/tagged_logging.rb:70:in `block in tagged'
activesupport (5.0.0.1) lib/active_support/tagged_logging.rb:26:in `tagged'
activesupport (5.0.0.1) lib/active_support/tagged_logging.rb:70:in `tagged'
railties (5.0.0.1) lib/rails/rack/logger.rb:24:in `call'
sprockets-rails (3.2.0) lib/sprockets/rails/quiet_assets.rb:13:in `call'
actionpack (5.0.0.1) lib/action_dispatch/middleware/request_id.rb:24:in `call'
rack (2.0.1) lib/rack/method_override.rb:22:in `call'
rack (2.0.1) lib/rack/runtime.rb:22:in `call'
activesupport (5.0.0.1) lib/active_support/cache/strategy/local_cache_middleware.rb:28:in `call'
actionpack (5.0.0.1) lib/action_dispatch/middleware/executor.rb:12:in `call'
actionpack (5.0.0.1) lib/action_dispatch/middleware/static.rb:136:in `call'
rack (2.0.1) lib/rack/sendfile.rb:111:in `call'
railties (5.0.0.1) lib/rails/engine.rb:522:in `call'
puma (3.4.0) lib/puma/configuration.rb:224:in `call'
puma (3.4.0) lib/puma/server.rb:569:in `handle_request'
puma (3.4.0) lib/puma/server.rb:406:in `process_client'
puma (3.4.0) lib/puma/server.rb:271:in `block in run'
puma (3.4.0) lib/puma/thread_pool.rb:114:in `block in spawn_thread'
  Rendering /Users/vunhattan/.rbenv/versions/2.3.1/lib/ruby/gems/2.3.0/gems/actionpack-5.0.0.1/lib/action_dispatch/middleware/templates/rescues/routing_error.html.erb within rescues/layout
  Rendering /Users/vunhattan/.rbenv/versions/2.3.1/lib/ruby/gems/2.3.0/gems/actionpack-5.0.0.1/lib/action_dispatch/middleware/templates/rescues/_trace.html.erb
  Rendered /Users/vunhattan/.rbenv/versions/2.3.1/lib/ruby/gems/2.3.0/gems/actionpack-5.0.0.1/lib/action_dispatch/middleware/templates/rescues/_trace.html.erb (0.9ms)
  Rendered collection of /Users/vunhattan/.rbenv/versions/2.3.1/lib/ruby/gems/2.3.0/gems/actionpack-5.0.0.1/lib/action_dispatch/middleware/templates/routes/_route.html.erb [1 times] (0.8ms)
  Rendered /Users/vunhattan/.rbenv/versions/2.3.1/lib/ruby/gems/2.3.0/gems/actionpack-5.0.0.1/lib/action_dispatch/middleware/templates/routes/_table.html.erb (1.3ms)
  Rendering /Users/vunhattan/.rbenv/versions/2.3.1/lib/ruby/gems/2.3.0/gems/actionpack-5.0.0.1/lib/action_dispatch/middleware/templates/rescues/_request_and_response.html.erb
  Rendered /Users/vunhattan/.rbenv/versions/2.3.1/lib/ruby/gems/2.3.0/gems/actionpack-5.0.0.1/lib/action_dispatch/middleware/templates/rescues/_request_and_response.html.erb (0.8ms)
  Rendered /Users/vunhattan/.rbenv/versions/2.3.1/lib/ruby/gems/2.3.0/gems/actionpack-5.0.0.1/lib/action_dispatch/middleware/templates/rescues/routing_error.html.erb within rescues/layout (71.7ms)
  Rendering /Users/vunhattan/.rbenv/versions/2.3.1/lib/ruby/gems/2.3.0/gems/web-console-3.1.1/lib/web_console/templates/index.html.erb
  Rendered /Users/vunhattan/.rbenv/versions/2.3.1/lib/ruby/gems/2.3.0/gems/web-console-3.1.1/lib/web_console/templates/_markup.html.erb (0.3ms)
  Rendering /Users/vunhattan/.rbenv/versions/2.3.1/lib/ruby/gems/2.3.0/gems/web-console-3.1.1/lib/web_console/templates/console.js.erb within layouts/javascript
  Rendering /Users/vunhattan/.rbenv/versions/2.3.1/lib/ruby/gems/2.3.0/gems/web-console-3.1.1/lib/web_console/templates/_inner_console_markup.html.erb within layouts/inlined_string
  Rendered /Users/vunhattan/.rbenv/versions/2.3.1/lib/ruby/gems/2.3.0/gems/web-console-3.1.1/lib/web_console/templates/_inner_console_markup.html.erb within layouts/inlined_string (0.3ms)
  Rendering /Users/vunhattan/.rbenv/versions/2.3.1/lib/ruby/gems/2.3.0/gems/web-console-3.1.1/lib/web_console/templates/_prompt_box_markup.html.erb within layouts/inlined_string
  Rendered /Users/vunhattan/.rbenv/versions/2.3.1/lib/ruby/gems/2.3.0/gems/web-console-3.1.1/lib/web_console/templates/_prompt_box_markup.html.erb within layouts/inlined_string (0.3ms)
  Rendering /Users/vunhattan/.rbenv/versions/2.3.1/lib/ruby/gems/2.3.0/gems/web-console-3.1.1/lib/web_console/templates/style.css.erb within layouts/inlined_string
  Rendered /Users/vunhattan/.rbenv/versions/2.3.1/lib/ruby/gems/2.3.0/gems/web-console-3.1.1/lib/web_console/templates/style.css.erb within layouts/inlined_string (0.4ms)
  Rendered /Users/vunhattan/.rbenv/versions/2.3.1/lib/ruby/gems/2.3.0/gems/web-console-3.1.1/lib/web_console/templates/console.js.erb within layouts/javascript (50.9ms)
  Rendering /Users/vunhattan/.rbenv/versions/2.3.1/lib/ruby/gems/2.3.0/gems/web-console-3.1.1/lib/web_console/templates/main.js.erb within layouts/javascript
  Rendered /Users/vunhattan/.rbenv/versions/2.3.1/lib/ruby/gems/2.3.0/gems/web-console-3.1.1/lib/web_console/templates/main.js.erb within layouts/javascript (0.3ms)
  Rendered /Users/vunhattan/.rbenv/versions/2.3.1/lib/ruby/gems/2.3.0/gems/web-console-3.1.1/lib/web_console/templates/index.html.erb (97.5ms)
Started GET "/" for ::1 at 2016-09-16 18:35:51 +0900
Processing by ApplicationController#hello as HTML
  Rendering html template
  Rendered html template (0.0ms)
Completed 200 OK in 1ms (Views: 0.6ms | ActiveRecord: 0.0ms)


Started GET "/" for ::1 at 2016-09-16 18:36:58 +0900
Processing by ApplicationController#hello as HTML
  Rendering html template
  Rendered html template (0.0ms)
Completed 200 OK in 47ms (Views: 30.9ms | ActiveRecord: 0.0ms)


  [1m[35m (1.1ms)[0m  [1m[35mCREATE TABLE "schema_migrations" ("version" varchar NOT NULL PRIMARY KEY)[0m
  [1m[35m (1.0ms)[0m  [1m[35mCREATE TABLE "ar_internal_metadata" ("key" varchar NOT NULL PRIMARY KEY, "value" varchar, "created_at" datetime NOT NULL, "updated_at" datetime NOT NULL)[0m
  [1m[36mActiveRecord::SchemaMigration Load (0.1ms)[0m  [1m[34mSELECT "schema_migrations".* FROM "schema_migrations"[0m
Migrating to CreateUsers (20160920040914)
  [1m[35m (0.1ms)[0m  [1m[36mbegin transaction[0m
  [1m[35m (0.3ms)[0m  [1m[35mCREATE TABLE "users" ("id" INTEGER PRIMARY KEY AUTOINCREMENT NOT NULL, "name" varchar, "email" varchar, "created_at" datetime NOT NULL, "updated_at" datetime NOT NULL)[0m
  [1m[35mSQL (0.1ms)[0m  [1m[32mINSERT INTO "schema_migrations" ("version") VALUES (?)[0m  [["version", "20160920040914"]]
  [1m[35m (0.9ms)[0m  [1m[36mcommit transaction[0m
  [1m[36mActiveRecord::InternalMetadata Load (0.1ms)[0m  [1m[34mSELECT  "ar_internal_metadata".* FROM "ar_internal_metadata" WHERE "ar_internal_metadata"."key" = ? LIMIT ?[0m  [["key", :environment], ["LIMIT", 1]]
  [1m[35m (0.0ms)[0m  [1m[36mbegin transaction[0m
  [1m[35mSQL (0.2ms)[0m  [1m[32mINSERT INTO "ar_internal_metadata" ("key", "value", "created_at", "updated_at") VALUES (?, ?, ?, ?)[0m  [["key", "environment"], ["value", "development"], ["created_at", 2016-09-20 04:13:16 UTC], ["updated_at", 2016-09-20 04:13:16 UTC]]
  [1m[35m (1.0ms)[0m  [1m[36mcommit transaction[0m
  [1m[36mActiveRecord::SchemaMigration Load (0.1ms)[0m  [1m[34mSELECT "schema_migrations".* FROM "schema_migrations"[0m
Started GET "/" for ::1 at 2016-09-20 13:17:31 +0900
  [1m[36mActiveRecord::SchemaMigration Load (0.3ms)[0m  [1m[34mSELECT "schema_migrations".* FROM "schema_migrations"[0m
Processing by ApplicationController#hello as HTML
  Rendering html template
  Rendered html template (0.0ms)
Completed 200 OK in 68ms (Views: 54.1ms | ActiveRecord: 0.0ms)


Started GET "/users" for ::1 at 2016-09-20 13:18:26 +0900
Processing by UsersController#index as HTML
  Rendering users/index.html.erb within layouts/application
  [1m[36mUser Load (0.1ms)[0m  [1m[34mSELECT "users".* FROM "users"[0m
  Rendered users/index.html.erb within layouts/application (15.1ms)
Completed 200 OK in 1421ms (Views: 1417.3ms | ActiveRecord: 0.3ms)


Started GET "/users/new" for ::1 at 2016-09-20 13:18:33 +0900
Processing by UsersController#new as HTML
  Rendering users/new.html.erb within layouts/application
  Rendered users/_form.html.erb (135.0ms)
  Rendered users/new.html.erb within layouts/application (137.5ms)
Completed 200 OK in 204ms (Views: 166.2ms | ActiveRecord: 0.4ms)


Started POST "/users" for ::1 at 2016-09-20 13:18:45 +0900
Processing by UsersController#create as HTML
  Parameters: {"utf8"=>"✓", "authenticity_token"=>"ETCVfcBq88ExS0tA5N5cEmVqhLWPCjIVCPK5/yvgTY0ypT1ug9MkoWtYcGhcJQlnT/SJRBkfTHVGwUqjghUCjg==", "user"=>{"name"=>"Tan", "email"=>"tan.vu@mobitech.co.jp"}, "commit"=>"Create User"}
  [1m[35m (0.2ms)[0m  [1m[36mbegin transaction[0m
  [1m[35mSQL (0.5ms)[0m  [1m[32mINSERT INTO "users" ("name", "email", "created_at", "updated_at") VALUES (?, ?, ?, ?)[0m  [["name", "Tan"], ["email", "tan.vu@mobitech.co.jp"], ["created_at", 2016-09-20 04:18:45 UTC], ["updated_at", 2016-09-20 04:18:45 UTC]]
  [1m[35m (1.0ms)[0m  [1m[36mcommit transaction[0m
Redirected to http://localhost:5000/users/1
Completed 302 Found in 8ms (ActiveRecord: 1.7ms)


Started GET "/users/1" for ::1 at 2016-09-20 13:18:45 +0900
Processing by UsersController#show as HTML
  Parameters: {"id"=>"1"}
  [1m[36mUser Load (0.3ms)[0m  [1m[34mSELECT  "users".* FROM "users" WHERE "users"."id" = ? LIMIT ?[0m  [["id", 1], ["LIMIT", 1]]
  Rendering users/show.html.erb within layouts/application
  Rendered users/show.html.erb within layouts/application (0.9ms)
Completed 200 OK in 61ms (Views: 24.1ms | ActiveRecord: 0.3ms)


Started GET "/users" for ::1 at 2016-09-20 13:18:48 +0900
Processing by UsersController#index as HTML
  Rendering users/index.html.erb within layouts/application
  [1m[36mUser Load (0.2ms)[0m  [1m[34mSELECT "users".* FROM "users"[0m
  Rendered users/index.html.erb within layouts/application (2.1ms)
Completed 200 OK in 28ms (Views: 25.8ms | ActiveRecord: 0.2ms)


Started GET "/users/new" for ::1 at 2016-09-20 13:18:53 +0900
Processing by UsersController#new as HTML
  Rendering users/new.html.erb within layouts/application
  Rendered users/_form.html.erb (1.8ms)
  Rendered users/new.html.erb within layouts/application (3.6ms)
Completed 200 OK in 20ms (Views: 18.8ms | ActiveRecord: 0.0ms)


Started GET "/users" for ::1 at 2016-09-20 13:18:55 +0900
Processing by UsersController#index as HTML
  Rendering users/index.html.erb within layouts/application
  [1m[36mUser Load (0.1ms)[0m  [1m[34mSELECT "users".* FROM "users"[0m
  Rendered users/index.html.erb within layouts/application (1.3ms)
Completed 200 OK in 17ms (Views: 15.7ms | ActiveRecord: 0.1ms)


Started GET "/users/1/edit" for ::1 at 2016-09-20 13:18:57 +0900
Processing by UsersController#edit as HTML
  Parameters: {"id"=>"1"}
  [1m[36mUser Load (0.1ms)[0m  [1m[34mSELECT  "users".* FROM "users" WHERE "users"."id" = ? LIMIT ?[0m  [["id", 1], ["LIMIT", 1]]
  Rendering users/edit.html.erb within layouts/application
  Rendered users/_form.html.erb (1.6ms)
  Rendered users/edit.html.erb within layouts/application (3.1ms)
Completed 200 OK in 21ms (Views: 17.4ms | ActiveRecord: 0.1ms)


Started GET "/users/1" for ::1 at 2016-09-20 13:23:29 +0900
Processing by UsersController#show as HTML
  Parameters: {"id"=>"1"}
  [1m[36mUser Load (0.1ms)[0m  [1m[34mSELECT  "users".* FROM "users" WHERE "users"."id" = ? LIMIT ?[0m  [["id", 1], ["LIMIT", 1]]
  Rendering users/show.html.erb within layouts/application
  Rendered users/show.html.erb within layouts/application (0.6ms)
Completed 200 OK in 18ms (Views: 16.0ms | ActiveRecord: 0.1ms)


Started GET "/users" for ::1 at 2016-09-20 13:23:33 +0900
Processing by UsersController#index as HTML
  Rendering users/index.html.erb within layouts/application
  [1m[36mUser Load (0.1ms)[0m  [1m[34mSELECT "users".* FROM "users"[0m
  Rendered users/index.html.erb within layouts/application (1.3ms)
Completed 200 OK in 18ms (Views: 16.9ms | ActiveRecord: 0.1ms)


Started GET "/users/new" for ::1 at 2016-09-20 14:26:13 +0900
Processing by UsersController#new as HTML
  Rendering users/new.html.erb within layouts/application
  Rendered users/_form.html.erb (1.7ms)
  Rendered users/new.html.erb within layouts/application (3.4ms)
Completed 200 OK in 104ms (Views: 96.5ms | ActiveRecord: 0.0ms)


Started POST "/users" for ::1 at 2016-09-20 14:26:22 +0900
Processing by UsersController#create as HTML
  Parameters: {"utf8"=>"✓", "authenticity_token"=>"e0CtTm0iyQ9Q4LvNuhF1Sp24fjRsXODG6x6TkjcTjclY1QVdLpsebwrzgOUC6iA/tyZzxfpJnqalLWDOnubCyg==", "user"=>{"name"=>"Foo Bar", "email"=>"foo@bar"}, "commit"=>"Create User"}
  [1m[35m (0.1ms)[0m  [1m[36mbegin transaction[0m
  [1m[35mSQL (0.3ms)[0m  [1m[32mINSERT INTO "users" ("name", "email", "created_at", "updated_at") VALUES (?, ?, ?, ?)[0m  [["name", "Foo Bar"], ["email", "foo@bar"], ["created_at", 2016-09-20 05:26:22 UTC], ["updated_at", 2016-09-20 05:26:22 UTC]]
  [1m[35m (1.4ms)[0m  [1m[36mcommit transaction[0m
Redirected to http://localhost:5000/users/2
Completed 302 Found in 4ms (ActiveRecord: 1.7ms)


Started GET "/users/2" for ::1 at 2016-09-20 14:26:22 +0900
Processing by UsersController#show as HTML
  Parameters: {"id"=>"2"}
  [1m[36mUser Load (0.1ms)[0m  [1m[34mSELECT  "users".* FROM "users" WHERE "users"."id" = ? LIMIT ?[0m  [["id", 2], ["LIMIT", 1]]
  Rendering users/show.html.erb within layouts/application
  Rendered users/show.html.erb within layouts/application (0.6ms)
Completed 200 OK in 188ms (Views: 175.0ms | ActiveRecord: 0.1ms)


Started GET "/users/2/edit" for ::1 at 2016-09-20 14:26:24 +0900
Processing by UsersController#edit as HTML
  Parameters: {"id"=>"2"}
  [1m[36mUser Load (0.1ms)[0m  [1m[34mSELECT  "users".* FROM "users" WHERE "users"."id" = ? LIMIT ?[0m  [["id", 2], ["LIMIT", 1]]
  Rendering users/edit.html.erb within layouts/application
  Rendered users/_form.html.erb (2.2ms)
  Rendered users/edit.html.erb within layouts/application (6.9ms)
Completed 200 OK in 38ms (Views: 23.7ms | ActiveRecord: 0.1ms)


Started GET "/users" for ::1 at 2016-09-20 14:26:25 +0900
Processing by UsersController#index as HTML
  Rendering users/index.html.erb within layouts/application
  [1m[36mUser Load (0.1ms)[0m  [1m[34mSELECT "users".* FROM "users"[0m
  Rendered users/index.html.erb within layouts/application (1.6ms)
Completed 200 OK in 20ms (Views: 16.8ms | ActiveRecord: 0.1ms)


Started GET "/users/new" for ::1 at 2016-09-20 14:26:27 +0900
Processing by UsersController#new as HTML
  Rendering users/new.html.erb within layouts/application
  Rendered users/_form.html.erb (1.7ms)
  Rendered users/new.html.erb within layouts/application (3.2ms)
Completed 200 OK in 26ms (Views: 24.3ms | ActiveRecord: 0.0ms)


Started POST "/users" for ::1 at 2016-09-20 14:26:42 +0900
Processing by UsersController#create as HTML
  Parameters: {"utf8"=>"✓", "authenticity_token"=>"YbDOb0v8ULq7NdGQ97s4PYvIXOzwUMbkVCsVw6ld7AFCJWZ8CEWH2uEm6rhPQG1IoVZRHWZFuIQaGOafAKijAg==", "user"=>{"name"=>"Dummy Fake", "email"=>"dummy@fake"}, "commit"=>"Create User"}
  [1m[35m (0.1ms)[0m  [1m[36mbegin transaction[0m
  [1m[35mSQL (0.5ms)[0m  [1m[32mINSERT INTO "users" ("name", "email", "created_at", "updated_at") VALUES (?, ?, ?, ?)[0m  [["name", "Dummy Fake"], ["email", "dummy@fake"], ["created_at", 2016-09-20 05:26:42 UTC], ["updated_at", 2016-09-20 05:26:42 UTC]]
  [1m[35m (1.0ms)[0m  [1m[36mcommit transaction[0m
Redirected to http://localhost:5000/users/3
Completed 302 Found in 5ms (ActiveRecord: 1.5ms)


Started GET "/users/3" for ::1 at 2016-09-20 14:26:42 +0900
Processing by UsersController#show as HTML
  Parameters: {"id"=>"3"}
  [1m[36mUser Load (0.1ms)[0m  [1m[34mSELECT  "users".* FROM "users" WHERE "users"."id" = ? LIMIT ?[0m  [["id", 3], ["LIMIT", 1]]
  Rendering users/show.html.erb within layouts/application
  Rendered users/show.html.erb within layouts/application (0.5ms)
Completed 200 OK in 19ms (Views: 17.3ms | ActiveRecord: 0.1ms)


Started GET "/users" for ::1 at 2016-09-20 14:26:44 +0900
Processing by UsersController#index as HTML
  Rendering users/index.html.erb within layouts/application
  [1m[36mUser Load (0.1ms)[0m  [1m[34mSELECT "users".* FROM "users"[0m
  Rendered users/index.html.erb within layouts/application (1.8ms)
Completed 200 OK in 19ms (Views: 17.0ms | ActiveRecord: 0.1ms)


Started DELETE "/users/3" for ::1 at 2016-09-20 14:26:56 +0900
Processing by UsersController#destroy as HTML
  Parameters: {"authenticity_token"=>"SJZ/d9g94BDe8nWYHRj4a4NpAy+nXrR77mz+aSlADE/cCwuIb06ovXFqPmta79GHZmb0n/VwkWaZDOD5g9F5fw==", "id"=>"3"}
  [1m[36mUser Load (0.1ms)[0m  [1m[34mSELECT  "users".* FROM "users" WHERE "users"."id" = ? LIMIT ?[0m  [["id", 3], ["LIMIT", 1]]
  [1m[35m (0.1ms)[0m  [1m[36mbegin transaction[0m
  [1m[35mSQL (0.2ms)[0m  [1m[31mDELETE FROM "users" WHERE "users"."id" = ?[0m  [["id", 3]]
  [1m[35m (1.1ms)[0m  [1m[36mcommit transaction[0m
Redirected to http://localhost:5000/users
Completed 302 Found in 4ms (ActiveRecord: 1.6ms)


Started GET "/users" for ::1 at 2016-09-20 14:26:56 +0900
Processing by UsersController#index as HTML
  Rendering users/index.html.erb within layouts/application
  [1m[36mUser Load (0.3ms)[0m  [1m[34mSELECT "users".* FROM "users"[0m
  Rendered users/index.html.erb within layouts/application (1.8ms)
Completed 200 OK in 218ms (Views: 152.2ms | ActiveRecord: 0.3ms)


Started GET "/users/new" for ::1 at 2016-09-20 14:30:28 +0900
Processing by UsersController#new as HTML
  Rendering users/new.html.erb within layouts/application
  Rendered users/_form.html.erb (2.2ms)
  Rendered users/new.html.erb within layouts/application (4.3ms)
Completed 200 OK in 215ms (Views: 162.8ms | ActiveRecord: 0.0ms)


Started POST "/users" for ::1 at 2016-09-20 14:30:35 +0900
Processing by UsersController#create as HTML
  Parameters: {"utf8"=>"✓", "authenticity_token"=>"cgMcya+cEFBv63Rs7T1CsbqpBHouwj31dpj6LqVkzs5RlrTa7CXHMDX4T0RVxhfEkDcJi7jXQ5U4qwlyDJGBzQ==", "user"=>{"name"=>"David", "email"=>"david"}, "commit"=>"Create User"}
  [1m[35m (0.1ms)[0m  [1m[36mbegin transaction[0m
  [1m[35mSQL (88.9ms)[0m  [1m[32mINSERT INTO "users" ("name", "email", "created_at", "updated_at") VALUES (?, ?, ?, ?)[0m  [["name", "David"], ["email", "david"], ["created_at", 2016-09-20 05:30:35 UTC], ["updated_at", 2016-09-20 05:30:35 UTC]]
  [1m[35m (77.1ms)[0m  [1m[36mcommit transaction[0m
Redirected to http://localhost:5000/users/4
Completed 302 Found in 169ms (ActiveRecord: 166.1ms)


Started GET "/users/4" for ::1 at 2016-09-20 14:30:35 +0900
Processing by UsersController#show as HTML
  Parameters: {"id"=>"4"}
  [1m[36mUser Load (0.1ms)[0m  [1m[34mSELECT  "users".* FROM "users" WHERE "users"."id" = ? LIMIT ?[0m  [["id", 4], ["LIMIT", 1]]
  Rendering users/show.html.erb within layouts/application
  Rendered users/show.html.erb within layouts/application (0.6ms)
Completed 200 OK in 38ms (Views: 19.2ms | ActiveRecord: 0.1ms)


Started GET "/users" for ::1 at 2016-09-20 14:30:38 +0900
Processing by UsersController#index as HTML
  Rendering users/index.html.erb within layouts/application
  [1m[36mUser Load (0.1ms)[0m  [1m[34mSELECT "users".* FROM "users"[0m
  Rendered users/index.html.erb within layouts/application (1.7ms)
Completed 200 OK in 20ms (Views: 17.6ms | ActiveRecord: 0.1ms)


Started GET "/users/new" for ::1 at 2016-09-20 14:30:40 +0900
Processing by UsersController#new as HTML
  Rendering users/new.html.erb within layouts/application
  Rendered users/_form.html.erb (1.6ms)
  Rendered users/new.html.erb within layouts/application (3.0ms)
Completed 200 OK in 20ms (Views: 17.8ms | ActiveRecord: 0.0ms)


Started POST "/users" for ::1 at 2016-09-20 14:31:01 +0900
Processing by UsersController#create as HTML
  Parameters: {"utf8"=>"✓", "authenticity_token"=>"kO2YiTtyrhZ5y4RfyZNfvjelQjfH3oTkW1Z3LTvEyF+zeDCaeMt5diPYv3dxaArLHTtPxlHL+oQVZYRxkjGHXA==", "user"=>{"name"=>"Aaron", "email"=>"Aaron@arrow.com"}, "commit"=>"Create User"}
  [1m[35m (0.0ms)[0m  [1m[36mbegin transaction[0m
  [1m[35mSQL (18.3ms)[0m  [1m[32mINSERT INTO "users" ("name", "email", "created_at", "updated_at") VALUES (?, ?, ?, ?)[0m  [["name", "Aaron"], ["email", "Aaron@arrow.com"], ["created_at", 2016-09-20 05:31:01 UTC], ["updated_at", 2016-09-20 05:31:01 UTC]]
  [1m[35m (2.6ms)[0m  [1m[36mcommit transaction[0m
Redirected to http://localhost:5000/users/5
Completed 302 Found in 23ms (ActiveRecord: 20.9ms)


Started GET "/users/5" for ::1 at 2016-09-20 14:31:01 +0900
Processing by UsersController#show as HTML
  Parameters: {"id"=>"5"}
  [1m[36mUser Load (0.1ms)[0m  [1m[34mSELECT  "users".* FROM "users" WHERE "users"."id" = ? LIMIT ?[0m  [["id", 5], ["LIMIT", 1]]
  Rendering users/show.html.erb within layouts/application
  Rendered users/show.html.erb within layouts/application (0.6ms)
Completed 200 OK in 15ms (Views: 13.4ms | ActiveRecord: 0.1ms)


  [1m[36mActiveRecord::SchemaMigration Load (0.1ms)[0m  [1m[34mSELECT "schema_migrations".* FROM "schema_migrations"[0m
Migrating to CreateMicroposts (20160920070747)
  [1m[35m (0.1ms)[0m  [1m[36mbegin transaction[0m
  [1m[35m (0.3ms)[0m  [1m[35mCREATE TABLE "microposts" ("id" INTEGER PRIMARY KEY AUTOINCREMENT NOT NULL, "content" text, "user_id" integer, "created_at" datetime NOT NULL, "updated_at" datetime NOT NULL)[0m
  [1m[35mSQL (0.2ms)[0m  [1m[32mINSERT INTO "schema_migrations" ("version") VALUES (?)[0m  [["version", "20160920070747"]]
  [1m[35m (1.3ms)[0m  [1m[36mcommit transaction[0m
  [1m[36mActiveRecord::InternalMetadata Load (0.1ms)[0m  [1m[34mSELECT  "ar_internal_metadata".* FROM "ar_internal_metadata" WHERE "ar_internal_metadata"."key" = ? LIMIT ?[0m  [["key", :environment], ["LIMIT", 1]]
  [1m[35m (0.0ms)[0m  [1m[36mbegin transaction[0m
  [1m[35m (0.1ms)[0m  [1m[36mcommit transaction[0m
  [1m[36mActiveRecord::SchemaMigration Load (0.1ms)[0m  [1m[34mSELECT "schema_migrations".* FROM "schema_migrations"[0m
Started GET "/" for ::1 at 2016-09-20 16:11:32 +0900
  [1m[36mActiveRecord::SchemaMigration Load (0.1ms)[0m  [1m[34mSELECT "schema_migrations".* FROM "schema_migrations"[0m
Processing by ApplicationController#hello as HTML
  Rendering html template
  Rendered html template (0.0ms)
Completed 200 OK in 36ms (Views: 21.0ms | ActiveRecord: 0.0ms)


Started GET "/micropost" for ::1 at 2016-09-20 16:11:39 +0900
  
ActionController::RoutingError (No route matches [GET] "/micropost"):
  
actionpack (5.0.0.1) lib/action_dispatch/middleware/debug_exceptions.rb:53:in `call'
web-console (3.1.1) lib/web_console/middleware.rb:131:in `call_app'
web-console (3.1.1) lib/web_console/middleware.rb:28:in `block in call'
web-console (3.1.1) lib/web_console/middleware.rb:18:in `catch'
web-console (3.1.1) lib/web_console/middleware.rb:18:in `call'
actionpack (5.0.0.1) lib/action_dispatch/middleware/show_exceptions.rb:31:in `call'
railties (5.0.0.1) lib/rails/rack/logger.rb:36:in `call_app'
railties (5.0.0.1) lib/rails/rack/logger.rb:24:in `block in call'
activesupport (5.0.0.1) lib/active_support/tagged_logging.rb:70:in `block in tagged'
activesupport (5.0.0.1) lib/active_support/tagged_logging.rb:26:in `tagged'
activesupport (5.0.0.1) lib/active_support/tagged_logging.rb:70:in `tagged'
railties (5.0.0.1) lib/rails/rack/logger.rb:24:in `call'
sprockets-rails (3.2.0) lib/sprockets/rails/quiet_assets.rb:13:in `call'
actionpack (5.0.0.1) lib/action_dispatch/middleware/request_id.rb:24:in `call'
rack (2.0.1) lib/rack/method_override.rb:22:in `call'
rack (2.0.1) lib/rack/runtime.rb:22:in `call'
activesupport (5.0.0.1) lib/active_support/cache/strategy/local_cache_middleware.rb:28:in `call'
actionpack (5.0.0.1) lib/action_dispatch/middleware/executor.rb:12:in `call'
actionpack (5.0.0.1) lib/action_dispatch/middleware/static.rb:136:in `call'
rack (2.0.1) lib/rack/sendfile.rb:111:in `call'
railties (5.0.0.1) lib/rails/engine.rb:522:in `call'
puma (3.4.0) lib/puma/configuration.rb:224:in `call'
puma (3.4.0) lib/puma/server.rb:569:in `handle_request'
puma (3.4.0) lib/puma/server.rb:406:in `process_client'
puma (3.4.0) lib/puma/server.rb:271:in `block in run'
puma (3.4.0) lib/puma/thread_pool.rb:114:in `block in spawn_thread'
  Rendering /Users/vunhattan/.rbenv/versions/2.3.1/lib/ruby/gems/2.3.0/gems/actionpack-5.0.0.1/lib/action_dispatch/middleware/templates/rescues/routing_error.html.erb within rescues/layout
  Rendering /Users/vunhattan/.rbenv/versions/2.3.1/lib/ruby/gems/2.3.0/gems/actionpack-5.0.0.1/lib/action_dispatch/middleware/templates/rescues/_trace.html.erb
  Rendered /Users/vunhattan/.rbenv/versions/2.3.1/lib/ruby/gems/2.3.0/gems/actionpack-5.0.0.1/lib/action_dispatch/middleware/templates/rescues/_trace.html.erb (1.2ms)
  Rendered collection of /Users/vunhattan/.rbenv/versions/2.3.1/lib/ruby/gems/2.3.0/gems/actionpack-5.0.0.1/lib/action_dispatch/middleware/templates/routes/_route.html.erb [17 times] (62.4ms)
  Rendered /Users/vunhattan/.rbenv/versions/2.3.1/lib/ruby/gems/2.3.0/gems/actionpack-5.0.0.1/lib/action_dispatch/middleware/templates/routes/_table.html.erb (47.3ms)
  Rendering /Users/vunhattan/.rbenv/versions/2.3.1/lib/ruby/gems/2.3.0/gems/actionpack-5.0.0.1/lib/action_dispatch/middleware/templates/rescues/_request_and_response.html.erb
  Rendered /Users/vunhattan/.rbenv/versions/2.3.1/lib/ruby/gems/2.3.0/gems/actionpack-5.0.0.1/lib/action_dispatch/middleware/templates/rescues/_request_and_response.html.erb (0.9ms)
  Rendered /Users/vunhattan/.rbenv/versions/2.3.1/lib/ruby/gems/2.3.0/gems/actionpack-5.0.0.1/lib/action_dispatch/middleware/templates/rescues/routing_error.html.erb within rescues/layout (195.8ms)
  Rendering /Users/vunhattan/.rbenv/versions/2.3.1/lib/ruby/gems/2.3.0/gems/web-console-3.1.1/lib/web_console/templates/index.html.erb
  Rendered /Users/vunhattan/.rbenv/versions/2.3.1/lib/ruby/gems/2.3.0/gems/web-console-3.1.1/lib/web_console/templates/_markup.html.erb (0.3ms)
  Rendering /Users/vunhattan/.rbenv/versions/2.3.1/lib/ruby/gems/2.3.0/gems/web-console-3.1.1/lib/web_console/templates/console.js.erb within layouts/javascript
  Rendering /Users/vunhattan/.rbenv/versions/2.3.1/lib/ruby/gems/2.3.0/gems/web-console-3.1.1/lib/web_console/templates/_inner_console_markup.html.erb within layouts/inlined_string
  Rendered /Users/vunhattan/.rbenv/versions/2.3.1/lib/ruby/gems/2.3.0/gems/web-console-3.1.1/lib/web_console/templates/_inner_console_markup.html.erb within layouts/inlined_string (0.3ms)
  Rendering /Users/vunhattan/.rbenv/versions/2.3.1/lib/ruby/gems/2.3.0/gems/web-console-3.1.1/lib/web_console/templates/_prompt_box_markup.html.erb within layouts/inlined_string
  Rendered /Users/vunhattan/.rbenv/versions/2.3.1/lib/ruby/gems/2.3.0/gems/web-console-3.1.1/lib/web_console/templates/_prompt_box_markup.html.erb within layouts/inlined_string (0.2ms)
  Rendering /Users/vunhattan/.rbenv/versions/2.3.1/lib/ruby/gems/2.3.0/gems/web-console-3.1.1/lib/web_console/templates/style.css.erb within layouts/inlined_string
  Rendered /Users/vunhattan/.rbenv/versions/2.3.1/lib/ruby/gems/2.3.0/gems/web-console-3.1.1/lib/web_console/templates/style.css.erb within layouts/inlined_string (0.4ms)
  Rendered /Users/vunhattan/.rbenv/versions/2.3.1/lib/ruby/gems/2.3.0/gems/web-console-3.1.1/lib/web_console/templates/console.js.erb within layouts/javascript (112.1ms)
  Rendering /Users/vunhattan/.rbenv/versions/2.3.1/lib/ruby/gems/2.3.0/gems/web-console-3.1.1/lib/web_console/templates/main.js.erb within layouts/javascript
  Rendered /Users/vunhattan/.rbenv/versions/2.3.1/lib/ruby/gems/2.3.0/gems/web-console-3.1.1/lib/web_console/templates/main.js.erb within layouts/javascript (0.3ms)
  Rendered /Users/vunhattan/.rbenv/versions/2.3.1/lib/ruby/gems/2.3.0/gems/web-console-3.1.1/lib/web_console/templates/index.html.erb (163.3ms)
Started GET "/Micropost" for ::1 at 2016-09-20 16:11:46 +0900
  
ActionController::RoutingError (No route matches [GET] "/Micropost"):
  
actionpack (5.0.0.1) lib/action_dispatch/middleware/debug_exceptions.rb:53:in `call'
web-console (3.1.1) lib/web_console/middleware.rb:131:in `call_app'
web-console (3.1.1) lib/web_console/middleware.rb:28:in `block in call'
web-console (3.1.1) lib/web_console/middleware.rb:18:in `catch'
web-console (3.1.1) lib/web_console/middleware.rb:18:in `call'
actionpack (5.0.0.1) lib/action_dispatch/middleware/show_exceptions.rb:31:in `call'
railties (5.0.0.1) lib/rails/rack/logger.rb:36:in `call_app'
railties (5.0.0.1) lib/rails/rack/logger.rb:24:in `block in call'
activesupport (5.0.0.1) lib/active_support/tagged_logging.rb:70:in `block in tagged'
activesupport (5.0.0.1) lib/active_support/tagged_logging.rb:26:in `tagged'
activesupport (5.0.0.1) lib/active_support/tagged_logging.rb:70:in `tagged'
railties (5.0.0.1) lib/rails/rack/logger.rb:24:in `call'
sprockets-rails (3.2.0) lib/sprockets/rails/quiet_assets.rb:13:in `call'
actionpack (5.0.0.1) lib/action_dispatch/middleware/request_id.rb:24:in `call'
rack (2.0.1) lib/rack/method_override.rb:22:in `call'
rack (2.0.1) lib/rack/runtime.rb:22:in `call'
activesupport (5.0.0.1) lib/active_support/cache/strategy/local_cache_middleware.rb:28:in `call'
actionpack (5.0.0.1) lib/action_dispatch/middleware/executor.rb:12:in `call'
actionpack (5.0.0.1) lib/action_dispatch/middleware/static.rb:136:in `call'
rack (2.0.1) lib/rack/sendfile.rb:111:in `call'
railties (5.0.0.1) lib/rails/engine.rb:522:in `call'
puma (3.4.0) lib/puma/configuration.rb:224:in `call'
puma (3.4.0) lib/puma/server.rb:569:in `handle_request'
puma (3.4.0) lib/puma/server.rb:406:in `process_client'
puma (3.4.0) lib/puma/server.rb:271:in `block in run'
puma (3.4.0) lib/puma/thread_pool.rb:114:in `block in spawn_thread'
  Rendering /Users/vunhattan/.rbenv/versions/2.3.1/lib/ruby/gems/2.3.0/gems/actionpack-5.0.0.1/lib/action_dispatch/middleware/templates/rescues/routing_error.html.erb within rescues/layout
  Rendering /Users/vunhattan/.rbenv/versions/2.3.1/lib/ruby/gems/2.3.0/gems/actionpack-5.0.0.1/lib/action_dispatch/middleware/templates/rescues/_trace.html.erb
  Rendered /Users/vunhattan/.rbenv/versions/2.3.1/lib/ruby/gems/2.3.0/gems/actionpack-5.0.0.1/lib/action_dispatch/middleware/templates/rescues/_trace.html.erb (1.1ms)
  Rendered collection of /Users/vunhattan/.rbenv/versions/2.3.1/lib/ruby/gems/2.3.0/gems/actionpack-5.0.0.1/lib/action_dispatch/middleware/templates/routes/_route.html.erb [17 times] (3.9ms)
  Rendered /Users/vunhattan/.rbenv/versions/2.3.1/lib/ruby/gems/2.3.0/gems/actionpack-5.0.0.1/lib/action_dispatch/middleware/templates/routes/_table.html.erb (1.1ms)
  Rendering /Users/vunhattan/.rbenv/versions/2.3.1/lib/ruby/gems/2.3.0/gems/actionpack-5.0.0.1/lib/action_dispatch/middleware/templates/rescues/_request_and_response.html.erb
  Rendered /Users/vunhattan/.rbenv/versions/2.3.1/lib/ruby/gems/2.3.0/gems/actionpack-5.0.0.1/lib/action_dispatch/middleware/templates/rescues/_request_and_response.html.erb (0.9ms)
  Rendered /Users/vunhattan/.rbenv/versions/2.3.1/lib/ruby/gems/2.3.0/gems/actionpack-5.0.0.1/lib/action_dispatch/middleware/templates/rescues/routing_error.html.erb within rescues/layout (78.5ms)
  Rendering /Users/vunhattan/.rbenv/versions/2.3.1/lib/ruby/gems/2.3.0/gems/web-console-3.1.1/lib/web_console/templates/index.html.erb
  Rendered /Users/vunhattan/.rbenv/versions/2.3.1/lib/ruby/gems/2.3.0/gems/web-console-3.1.1/lib/web_console/templates/_markup.html.erb (0.3ms)
  Rendering /Users/vunhattan/.rbenv/versions/2.3.1/lib/ruby/gems/2.3.0/gems/web-console-3.1.1/lib/web_console/templates/console.js.erb within layouts/javascript
  Rendering /Users/vunhattan/.rbenv/versions/2.3.1/lib/ruby/gems/2.3.0/gems/web-console-3.1.1/lib/web_console/templates/_inner_console_markup.html.erb within layouts/inlined_string
  Rendered /Users/vunhattan/.rbenv/versions/2.3.1/lib/ruby/gems/2.3.0/gems/web-console-3.1.1/lib/web_console/templates/_inner_console_markup.html.erb within layouts/inlined_string (0.7ms)
  Rendering /Users/vunhattan/.rbenv/versions/2.3.1/lib/ruby/gems/2.3.0/gems/web-console-3.1.1/lib/web_console/templates/_prompt_box_markup.html.erb within layouts/inlined_string
  Rendered /Users/vunhattan/.rbenv/versions/2.3.1/lib/ruby/gems/2.3.0/gems/web-console-3.1.1/lib/web_console/templates/_prompt_box_markup.html.erb within layouts/inlined_string (0.3ms)
  Rendering /Users/vunhattan/.rbenv/versions/2.3.1/lib/ruby/gems/2.3.0/gems/web-console-3.1.1/lib/web_console/templates/style.css.erb within layouts/inlined_string
  Rendered /Users/vunhattan/.rbenv/versions/2.3.1/lib/ruby/gems/2.3.0/gems/web-console-3.1.1/lib/web_console/templates/style.css.erb within layouts/inlined_string (0.3ms)
  Rendered /Users/vunhattan/.rbenv/versions/2.3.1/lib/ruby/gems/2.3.0/gems/web-console-3.1.1/lib/web_console/templates/console.js.erb within layouts/javascript (53.2ms)
  Rendering /Users/vunhattan/.rbenv/versions/2.3.1/lib/ruby/gems/2.3.0/gems/web-console-3.1.1/lib/web_console/templates/main.js.erb within layouts/javascript
  Rendered /Users/vunhattan/.rbenv/versions/2.3.1/lib/ruby/gems/2.3.0/gems/web-console-3.1.1/lib/web_console/templates/main.js.erb within layouts/javascript (0.3ms)
  Rendered /Users/vunhattan/.rbenv/versions/2.3.1/lib/ruby/gems/2.3.0/gems/web-console-3.1.1/lib/web_console/templates/index.html.erb (101.4ms)
Started GET "/Microposts" for ::1 at 2016-09-20 16:11:57 +0900
  
ActionController::RoutingError (No route matches [GET] "/Microposts"):
  
actionpack (5.0.0.1) lib/action_dispatch/middleware/debug_exceptions.rb:53:in `call'
web-console (3.1.1) lib/web_console/middleware.rb:131:in `call_app'
web-console (3.1.1) lib/web_console/middleware.rb:28:in `block in call'
web-console (3.1.1) lib/web_console/middleware.rb:18:in `catch'
web-console (3.1.1) lib/web_console/middleware.rb:18:in `call'
actionpack (5.0.0.1) lib/action_dispatch/middleware/show_exceptions.rb:31:in `call'
railties (5.0.0.1) lib/rails/rack/logger.rb:36:in `call_app'
railties (5.0.0.1) lib/rails/rack/logger.rb:24:in `block in call'
activesupport (5.0.0.1) lib/active_support/tagged_logging.rb:70:in `block in tagged'
activesupport (5.0.0.1) lib/active_support/tagged_logging.rb:26:in `tagged'
activesupport (5.0.0.1) lib/active_support/tagged_logging.rb:70:in `tagged'
railties (5.0.0.1) lib/rails/rack/logger.rb:24:in `call'
sprockets-rails (3.2.0) lib/sprockets/rails/quiet_assets.rb:13:in `call'
actionpack (5.0.0.1) lib/action_dispatch/middleware/request_id.rb:24:in `call'
rack (2.0.1) lib/rack/method_override.rb:22:in `call'
rack (2.0.1) lib/rack/runtime.rb:22:in `call'
activesupport (5.0.0.1) lib/active_support/cache/strategy/local_cache_middleware.rb:28:in `call'
actionpack (5.0.0.1) lib/action_dispatch/middleware/executor.rb:12:in `call'
actionpack (5.0.0.1) lib/action_dispatch/middleware/static.rb:136:in `call'
rack (2.0.1) lib/rack/sendfile.rb:111:in `call'
railties (5.0.0.1) lib/rails/engine.rb:522:in `call'
puma (3.4.0) lib/puma/configuration.rb:224:in `call'
puma (3.4.0) lib/puma/server.rb:569:in `handle_request'
puma (3.4.0) lib/puma/server.rb:406:in `process_client'
puma (3.4.0) lib/puma/server.rb:271:in `block in run'
puma (3.4.0) lib/puma/thread_pool.rb:114:in `block in spawn_thread'
  Rendering /Users/vunhattan/.rbenv/versions/2.3.1/lib/ruby/gems/2.3.0/gems/actionpack-5.0.0.1/lib/action_dispatch/middleware/templates/rescues/routing_error.html.erb within rescues/layout
  Rendering /Users/vunhattan/.rbenv/versions/2.3.1/lib/ruby/gems/2.3.0/gems/actionpack-5.0.0.1/lib/action_dispatch/middleware/templates/rescues/_trace.html.erb
  Rendered /Users/vunhattan/.rbenv/versions/2.3.1/lib/ruby/gems/2.3.0/gems/actionpack-5.0.0.1/lib/action_dispatch/middleware/templates/rescues/_trace.html.erb (1.1ms)
  Rendered collection of /Users/vunhattan/.rbenv/versions/2.3.1/lib/ruby/gems/2.3.0/gems/actionpack-5.0.0.1/lib/action_dispatch/middleware/templates/routes/_route.html.erb [17 times] (4.0ms)
  Rendered /Users/vunhattan/.rbenv/versions/2.3.1/lib/ruby/gems/2.3.0/gems/actionpack-5.0.0.1/lib/action_dispatch/middleware/templates/routes/_table.html.erb (1.0ms)
  Rendering /Users/vunhattan/.rbenv/versions/2.3.1/lib/ruby/gems/2.3.0/gems/actionpack-5.0.0.1/lib/action_dispatch/middleware/templates/rescues/_request_and_response.html.erb
  Rendered /Users/vunhattan/.rbenv/versions/2.3.1/lib/ruby/gems/2.3.0/gems/actionpack-5.0.0.1/lib/action_dispatch/middleware/templates/rescues/_request_and_response.html.erb (0.9ms)
  Rendered /Users/vunhattan/.rbenv/versions/2.3.1/lib/ruby/gems/2.3.0/gems/actionpack-5.0.0.1/lib/action_dispatch/middleware/templates/rescues/routing_error.html.erb within rescues/layout (78.2ms)
  Rendering /Users/vunhattan/.rbenv/versions/2.3.1/lib/ruby/gems/2.3.0/gems/web-console-3.1.1/lib/web_console/templates/index.html.erb
  Rendered /Users/vunhattan/.rbenv/versions/2.3.1/lib/ruby/gems/2.3.0/gems/web-console-3.1.1/lib/web_console/templates/_markup.html.erb (0.4ms)
  Rendering /Users/vunhattan/.rbenv/versions/2.3.1/lib/ruby/gems/2.3.0/gems/web-console-3.1.1/lib/web_console/templates/console.js.erb within layouts/javascript
  Rendering /Users/vunhattan/.rbenv/versions/2.3.1/lib/ruby/gems/2.3.0/gems/web-console-3.1.1/lib/web_console/templates/_inner_console_markup.html.erb within layouts/inlined_string
  Rendered /Users/vunhattan/.rbenv/versions/2.3.1/lib/ruby/gems/2.3.0/gems/web-console-3.1.1/lib/web_console/templates/_inner_console_markup.html.erb within layouts/inlined_string (0.5ms)
  Rendering /Users/vunhattan/.rbenv/versions/2.3.1/lib/ruby/gems/2.3.0/gems/web-console-3.1.1/lib/web_console/templates/_prompt_box_markup.html.erb within layouts/inlined_string
  Rendered /Users/vunhattan/.rbenv/versions/2.3.1/lib/ruby/gems/2.3.0/gems/web-console-3.1.1/lib/web_console/templates/_prompt_box_markup.html.erb within layouts/inlined_string (0.5ms)
  Rendering /Users/vunhattan/.rbenv/versions/2.3.1/lib/ruby/gems/2.3.0/gems/web-console-3.1.1/lib/web_console/templates/style.css.erb within layouts/inlined_string
  Rendered /Users/vunhattan/.rbenv/versions/2.3.1/lib/ruby/gems/2.3.0/gems/web-console-3.1.1/lib/web_console/templates/style.css.erb within layouts/inlined_string (0.3ms)
  Rendered /Users/vunhattan/.rbenv/versions/2.3.1/lib/ruby/gems/2.3.0/gems/web-console-3.1.1/lib/web_console/templates/console.js.erb within layouts/javascript (53.7ms)
  Rendering /Users/vunhattan/.rbenv/versions/2.3.1/lib/ruby/gems/2.3.0/gems/web-console-3.1.1/lib/web_console/templates/main.js.erb within layouts/javascript
  Rendered /Users/vunhattan/.rbenv/versions/2.3.1/lib/ruby/gems/2.3.0/gems/web-console-3.1.1/lib/web_console/templates/main.js.erb within layouts/javascript (0.4ms)
  Rendered /Users/vunhattan/.rbenv/versions/2.3.1/lib/ruby/gems/2.3.0/gems/web-console-3.1.1/lib/web_console/templates/index.html.erb (101.7ms)
Started GET "/microposts" for ::1 at 2016-09-20 16:12:02 +0900
Processing by MicropostsController#index as HTML
  Rendering microposts/index.html.erb within layouts/application
  [1m[36mMicropost Load (0.2ms)[0m  [1m[34mSELECT "microposts".* FROM "microposts"[0m
  Rendered microposts/index.html.erb within layouts/application (2.4ms)
Completed 200 OK in 380ms (Views: 365.1ms | ActiveRecord: 0.5ms)


Started GET "/microposts/new" for ::1 at 2016-09-20 16:12:05 +0900
Processing by MicropostsController#new as HTML
  Rendering microposts/new.html.erb within layouts/application
  Rendered microposts/_form.html.erb (45.6ms)
  Rendered microposts/new.html.erb within layouts/application (47.1ms)
Completed 200 OK in 68ms (Views: 62.6ms | ActiveRecord: 0.4ms)


Started POST "/microposts" for ::1 at 2016-09-20 16:12:12 +0900
Processing by MicropostsController#create as HTML
  Parameters: {"utf8"=>"✓", "authenticity_token"=>"e82wHDPsKa5ZjXqhzBaGPURxJr15M1bSZJunAEpx9mT6bsfL9dQHs42k9s30CwfI+sEaH50kmtnYGZ2DwA6BeA==", "micropost"=>{"content"=>"Hello world!", "user_id"=>"1"}, "commit"=>"Create Micropost"}
  [1m[35m (0.1ms)[0m  [1m[36mbegin transaction[0m
  [1m[35mSQL (0.3ms)[0m  [1m[32mINSERT INTO "microposts" ("content", "user_id", "created_at", "updated_at") VALUES (?, ?, ?, ?)[0m  [["content", "Hello world!"], ["user_id", 1], ["created_at", 2016-09-20 07:12:12 UTC], ["updated_at", 2016-09-20 07:12:12 UTC]]
  [1m[35m (1.1ms)[0m  [1m[36mcommit transaction[0m
Redirected to http://localhost:5000/microposts/1
Completed 302 Found in 7ms (ActiveRecord: 1.6ms)


Started GET "/microposts/1" for ::1 at 2016-09-20 16:12:12 +0900
Processing by MicropostsController#show as HTML
  Parameters: {"id"=>"1"}
  [1m[36mMicropost Load (0.2ms)[0m  [1m[34mSELECT  "microposts".* FROM "microposts" WHERE "microposts"."id" = ? LIMIT ?[0m  [["id", 1], ["LIMIT", 1]]
  Rendering microposts/show.html.erb within layouts/application
  Rendered microposts/show.html.erb within layouts/application (0.6ms)
Completed 200 OK in 71ms (Views: 30.8ms | ActiveRecord: 0.2ms)


Started GET "/microposts" for ::1 at 2016-09-20 16:12:14 +0900
Processing by MicropostsController#index as HTML
  Rendering microposts/index.html.erb within layouts/application
  [1m[36mMicropost Load (0.1ms)[0m  [1m[34mSELECT "microposts".* FROM "microposts"[0m
  Rendered microposts/index.html.erb within layouts/application (1.3ms)
Completed 200 OK in 22ms (Views: 20.6ms | ActiveRecord: 0.1ms)


Started GET "/microposts/new" for ::1 at 2016-09-20 16:19:07 +0900
Processing by MicropostsController#new as HTML
  Rendering microposts/new.html.erb within layouts/application
  Rendered microposts/_form.html.erb (2.2ms)
  Rendered microposts/new.html.erb within layouts/application (3.6ms)
Completed 200 OK in 36ms (Views: 25.8ms | ActiveRecord: 0.5ms)


Started POST "/microposts" for ::1 at 2016-09-20 16:19:58 +0900
Processing by MicropostsController#create as HTML
  Parameters: {"utf8"=>"✓", "authenticity_token"=>"YtM7vSGuhx8frm39+PANdo0oMoUGBRaqUbEjuxQ2/MXjcExq55apAsuH4ZHA7YyDM5gOJ+IS2qHtMxk4nkmL2Q==", "micropost"=>{"content"=>"Hello world, this content will be over 140 characters and we are hoping to see any validation messages here, can you show me ?\r\nHello world, this content will be over 140 characters and we are hoping to see any validation messages here, can you show me ?\r\nHello world, this content will be over 140 characters and we are hoping to see any validation messages here, can you show me ?", "user_id"=>"1"}, "commit"=>"Create Micropost"}
  [1m[35m (0.1ms)[0m  [1m[36mbegin transaction[0m
  [1m[35m (0.0ms)[0m  [1m[31mrollback transaction[0m
  Rendering microposts/new.html.erb within layouts/application
  Rendered microposts/_form.html.erb (2.5ms)
  Rendered microposts/new.html.erb within layouts/application (4.3ms)
Completed 200 OK in 36ms (Views: 33.0ms | ActiveRecord: 0.1ms)


Started POST "/microposts" for ::1 at 2016-09-20 16:28:23 +0900
Processing by MicropostsController#create as HTML
  Parameters: {"utf8"=>"✓", "authenticity_token"=>"cAjSM3f6RYrZ4A5br5HvByKB3Hv4QdxS7s51iRLTg+fklabMwIkNJ3Z4RajoZsbrx44ry6pv+U+ZrmsZuEL21w==", "micropost"=>{"content"=>"Good post ", "user_id"=>"2"}, "commit"=>"Create Micropost"}
  [1m[35m (0.0ms)[0m  [1m[36mbegin transaction[0m
  [1m[36mUser Load (0.1ms)[0m  [1m[34mSELECT  "users".* FROM "users" WHERE "users"."id" = ? LIMIT ?[0m  [["id", 2], ["LIMIT", 1]]
  [1m[35mSQL (0.2ms)[0m  [1m[32mINSERT INTO "microposts" ("content", "user_id", "created_at", "updated_at") VALUES (?, ?, ?, ?)[0m  [["content", "Good post "], ["user_id", 2], ["created_at", 2016-09-20 07:28:23 UTC], ["updated_at", 2016-09-20 07:28:23 UTC]]
  [1m[35m (1.0ms)[0m  [1m[36mcommit transaction[0m
Redirected to http://localhost:5000/microposts/2
Completed 302 Found in 108ms (ActiveRecord: 2.4ms)


Started GET "/microposts/2" for ::1 at 2016-09-20 16:28:23 +0900
Processing by MicropostsController#show as HTML
  Parameters: {"id"=>"2"}
  [1m[36mMicropost Load (0.1ms)[0m  [1m[34mSELECT  "microposts".* FROM "microposts" WHERE "microposts"."id" = ? LIMIT ?[0m  [["id", 2], ["LIMIT", 1]]
  Rendering microposts/show.html.erb within layouts/application
  Rendered microposts/show.html.erb within layouts/application (1.0ms)
Completed 200 OK in 192ms (Views: 177.7ms | ActiveRecord: 0.1ms)


Started GET "/microposts/2/edit" for ::1 at 2016-09-20 16:28:24 +0900
Processing by MicropostsController#edit as HTML
  Parameters: {"id"=>"2"}
  [1m[36mMicropost Load (0.1ms)[0m  [1m[34mSELECT  "microposts".* FROM "microposts" WHERE "microposts"."id" = ? LIMIT ?[0m  [["id", 2], ["LIMIT", 1]]
  Rendering microposts/edit.html.erb within layouts/application
  Rendered microposts/_form.html.erb (2.6ms)
  Rendered microposts/edit.html.erb within layouts/application (33.5ms)
Completed 200 OK in 92ms (Views: 50.9ms | ActiveRecord: 0.1ms)


Started GET "/microposts/2" for ::1 at 2016-09-20 16:28:27 +0900
Processing by MicropostsController#show as HTML
  Parameters: {"id"=>"2"}
  [1m[36mMicropost Load (0.1ms)[0m  [1m[34mSELECT  "microposts".* FROM "microposts" WHERE "microposts"."id" = ? LIMIT ?[0m  [["id", 2], ["LIMIT", 1]]
  Rendering microposts/show.html.erb within layouts/application
  Rendered microposts/show.html.erb within layouts/application (0.6ms)
Completed 200 OK in 24ms (Views: 21.6ms | ActiveRecord: 0.1ms)


Started GET "/microposts" for ::1 at 2016-09-20 16:28:28 +0900
Processing by MicropostsController#index as HTML
  Rendering microposts/index.html.erb within layouts/application
  [1m[36mMicropost Load (0.1ms)[0m  [1m[34mSELECT "microposts".* FROM "microposts"[0m
  Rendered microposts/index.html.erb within layouts/application (1.5ms)
Completed 200 OK in 21ms (Views: 18.8ms | ActiveRecord: 0.1ms)


Started GET "/microposts/new" for ::1 at 2016-09-20 16:28:30 +0900
Processing by MicropostsController#new as HTML
  Rendering microposts/new.html.erb within layouts/application
  Rendered microposts/_form.html.erb (3.1ms)
  Rendered microposts/new.html.erb within layouts/application (4.6ms)
Completed 200 OK in 48ms (Views: 21.6ms | ActiveRecord: 0.0ms)


Started POST "/microposts" for ::1 at 2016-09-20 16:28:39 +0900
Processing by MicropostsController#create as HTML
  Parameters: {"utf8"=>"✓", "authenticity_token"=>"L8yT8rKXf9/IKO5tNOgY9SqrqoLtfJA7q+wrJvZ6kvCub+QldK9RwhwBYgEM9ZkAlBuWIAlrXDAXbhGlfAXl7A==", "micropost"=>{"content"=>"God sent me here", "user_id"=>"2"}, "commit"=>"Create Micropost"}
  [1m[35m (0.1ms)[0m  [1m[36mbegin transaction[0m
  [1m[36mUser Load (0.1ms)[0m  [1m[34mSELECT  "users".* FROM "users" WHERE "users"."id" = ? LIMIT ?[0m  [["id", 2], ["LIMIT", 1]]
  [1m[35mSQL (44.1ms)[0m  [1m[32mINSERT INTO "microposts" ("content", "user_id", "created_at", "updated_at") VALUES (?, ?, ?, ?)[0m  [["content", "God sent me here"], ["user_id", 2], ["created_at", 2016-09-20 07:28:39 UTC], ["updated_at", 2016-09-20 07:28:39 UTC]]
  [1m[35m (1.1ms)[0m  [1m[36mcommit transaction[0m
Redirected to http://localhost:5000/microposts/3
Completed 302 Found in 48ms (ActiveRecord: 45.4ms)


Started GET "/microposts/3" for ::1 at 2016-09-20 16:28:39 +0900
Processing by MicropostsController#show as HTML
  Parameters: {"id"=>"3"}
  [1m[36mMicropost Load (0.1ms)[0m  [1m[34mSELECT  "microposts".* FROM "microposts" WHERE "microposts"."id" = ? LIMIT ?[0m  [["id", 3], ["LIMIT", 1]]
  Rendering microposts/show.html.erb within layouts/application
  Rendered microposts/show.html.erb within layouts/application (0.6ms)
Completed 200 OK in 19ms (Views: 16.8ms | ActiveRecord: 0.1ms)


Started GET "/microposts/3/edit" for ::1 at 2016-09-20 16:28:41 +0900
Processing by MicropostsController#edit as HTML
  Parameters: {"id"=>"3"}
  [1m[36mMicropost Load (0.1ms)[0m  [1m[34mSELECT  "microposts".* FROM "microposts" WHERE "microposts"."id" = ? LIMIT ?[0m  [["id", 3], ["LIMIT", 1]]
  Rendering microposts/edit.html.erb within layouts/application
  Rendered microposts/_form.html.erb (1.6ms)
  Rendered microposts/edit.html.erb within layouts/application (3.2ms)
Completed 200 OK in 22ms (Views: 20.0ms | ActiveRecord: 0.1ms)


Started GET "/microposts" for ::1 at 2016-09-20 16:28:41 +0900
Processing by MicropostsController#index as HTML
  Rendering microposts/index.html.erb within layouts/application
  [1m[36mMicropost Load (0.1ms)[0m  [1m[34mSELECT "microposts".* FROM "microposts"[0m
  Rendered microposts/index.html.erb within layouts/application (1.6ms)
Completed 200 OK in 20ms (Views: 18.5ms | ActiveRecord: 0.1ms)


  [1m[36mUser Load (0.1ms)[0m  [1m[34mSELECT  "users".* FROM "users" ORDER BY "users"."id" ASC LIMIT ?[0m  [["LIMIT", 1]]
  [1m[36mMicropost Load (0.1ms)[0m  [1m[34mSELECT "microposts".* FROM "microposts" WHERE "microposts"."user_id" = ?[0m  [["user_id", 1]]
Started GET "/microposts" for ::1 at 2016-09-20 16:36:31 +0900
  [1m[36mActiveRecord::SchemaMigration Load (0.1ms)[0m  [1m[34mSELECT "schema_migrations".* FROM "schema_migrations"[0m
Processing by MicropostsController#index as HTML
  Rendering microposts/index.html.erb within layouts/application
  [1m[36mMicropost Load (0.1ms)[0m  [1m[34mSELECT "microposts".* FROM "microposts"[0m
  Rendered microposts/index.html.erb within layouts/application (10.3ms)
Started GET "/microposts/new" for ::1 at 2016-09-20 16:36:32 +0900
Processing by MicropostsController#new as HTML
  Rendering microposts/new.html.erb within layouts/application
  Rendered microposts/_form.html.erb (55.5ms)
  Rendered microposts/new.html.erb within layouts/application (57.1ms)
Completed 200 OK in 585ms (Views: 531.7ms | ActiveRecord: 0.5ms)


Completed 200 OK in 327ms (Views: 325.0ms | ActiveRecord: 0.0ms)


Started POST "/microposts" for ::1 at 2016-09-20 16:36:35 +0900
Processing by MicropostsController#create as HTML
  Parameters: {"utf8"=>"✓", "authenticity_token"=>"E4LOfQFO/t1Zx1VdhukvX60cO1700Okc/pC2noPhs2mSIbmqx3bQwI3u2TG+9K6qE6wH/BDHJRdCEowdCZ7EdQ==", "micropost"=>{"content"=>"", "user_id"=>"1"}, "commit"=>"Create Micropost"}
  [1m[35m (0.2ms)[0m  [1m[36mbegin transaction[0m
  [1m[36mUser Load (0.1ms)[0m  [1m[34mSELECT  "users".* FROM "users" WHERE "users"."id" = ? LIMIT ?[0m  [["id", 1], ["LIMIT", 1]]
  [1m[35m (0.1ms)[0m  [1m[31mrollback transaction[0m
  Rendering microposts/new.html.erb within layouts/application
  Rendered microposts/_form.html.erb (2.3ms)
  Rendered microposts/new.html.erb within layouts/application (3.7ms)
Completed 200 OK in 125ms (Views: 21.0ms | ActiveRecord: 1.3ms)


Started GET "/users" for ::1 at 2016-09-20 16:38:07 +0900
Processing by UsersController#index as HTML
Completed 500 Internal Server Error in 1ms (ActiveRecord: 0.0ms)


  
SyntaxError (/Users/vunhattan/Documents/ironbay/hello_app/hello_app/app/models/user.rb:3: syntax error, unexpected ':', expecting keyword_end
    validates: name, presence: true
              ^
/Users/vunhattan/Documents/ironbay/hello_app/hello_app/app/models/user.rb:4: syntax error, unexpected ':', expecting keyword_end
    validates: email, presence: true
              ^):
  
app/models/user.rb:3: syntax error, unexpected ':', expecting keyword_end
app/models/user.rb:4: syntax error, unexpected ':', expecting keyword_end
app/controllers/users_controller.rb:7:in `index'
  Rendering /Users/vunhattan/.rbenv/versions/2.3.1/lib/ruby/gems/2.3.0/gems/actionpack-5.0.0.1/lib/action_dispatch/middleware/templates/rescues/diagnostics.html.erb within rescues/layout
  Rendering /Users/vunhattan/.rbenv/versions/2.3.1/lib/ruby/gems/2.3.0/gems/actionpack-5.0.0.1/lib/action_dispatch/middleware/templates/rescues/_source.html.erb
  Rendered /Users/vunhattan/.rbenv/versions/2.3.1/lib/ruby/gems/2.3.0/gems/actionpack-5.0.0.1/lib/action_dispatch/middleware/templates/rescues/_source.html.erb (2.8ms)
  Rendering /Users/vunhattan/.rbenv/versions/2.3.1/lib/ruby/gems/2.3.0/gems/actionpack-5.0.0.1/lib/action_dispatch/middleware/templates/rescues/_trace.html.erb
  Rendered /Users/vunhattan/.rbenv/versions/2.3.1/lib/ruby/gems/2.3.0/gems/actionpack-5.0.0.1/lib/action_dispatch/middleware/templates/rescues/_trace.html.erb (1.3ms)
  Rendering /Users/vunhattan/.rbenv/versions/2.3.1/lib/ruby/gems/2.3.0/gems/actionpack-5.0.0.1/lib/action_dispatch/middleware/templates/rescues/_request_and_response.html.erb
  Rendered /Users/vunhattan/.rbenv/versions/2.3.1/lib/ruby/gems/2.3.0/gems/actionpack-5.0.0.1/lib/action_dispatch/middleware/templates/rescues/_request_and_response.html.erb (0.6ms)
  Rendered /Users/vunhattan/.rbenv/versions/2.3.1/lib/ruby/gems/2.3.0/gems/actionpack-5.0.0.1/lib/action_dispatch/middleware/templates/rescues/diagnostics.html.erb within rescues/layout (61.4ms)
  Rendering /Users/vunhattan/.rbenv/versions/2.3.1/lib/ruby/gems/2.3.0/gems/web-console-3.1.1/lib/web_console/templates/index.html.erb
  Rendered /Users/vunhattan/.rbenv/versions/2.3.1/lib/ruby/gems/2.3.0/gems/web-console-3.1.1/lib/web_console/templates/_markup.html.erb (0.3ms)
  Rendering /Users/vunhattan/.rbenv/versions/2.3.1/lib/ruby/gems/2.3.0/gems/web-console-3.1.1/lib/web_console/templates/console.js.erb within layouts/javascript
  Rendering /Users/vunhattan/.rbenv/versions/2.3.1/lib/ruby/gems/2.3.0/gems/web-console-3.1.1/lib/web_console/templates/_inner_console_markup.html.erb within layouts/inlined_string
  Rendered /Users/vunhattan/.rbenv/versions/2.3.1/lib/ruby/gems/2.3.0/gems/web-console-3.1.1/lib/web_console/templates/_inner_console_markup.html.erb within layouts/inlined_string (0.3ms)
  Rendering /Users/vunhattan/.rbenv/versions/2.3.1/lib/ruby/gems/2.3.0/gems/web-console-3.1.1/lib/web_console/templates/_prompt_box_markup.html.erb within layouts/inlined_string
  Rendered /Users/vunhattan/.rbenv/versions/2.3.1/lib/ruby/gems/2.3.0/gems/web-console-3.1.1/lib/web_console/templates/_prompt_box_markup.html.erb within layouts/inlined_string (0.3ms)
  Rendering /Users/vunhattan/.rbenv/versions/2.3.1/lib/ruby/gems/2.3.0/gems/web-console-3.1.1/lib/web_console/templates/style.css.erb within layouts/inlined_string
  Rendered /Users/vunhattan/.rbenv/versions/2.3.1/lib/ruby/gems/2.3.0/gems/web-console-3.1.1/lib/web_console/templates/style.css.erb within layouts/inlined_string (0.3ms)
  Rendered /Users/vunhattan/.rbenv/versions/2.3.1/lib/ruby/gems/2.3.0/gems/web-console-3.1.1/lib/web_console/templates/console.js.erb within layouts/javascript (74.4ms)
  Rendering /Users/vunhattan/.rbenv/versions/2.3.1/lib/ruby/gems/2.3.0/gems/web-console-3.1.1/lib/web_console/templates/main.js.erb within layouts/javascript
  Rendered /Users/vunhattan/.rbenv/versions/2.3.1/lib/ruby/gems/2.3.0/gems/web-console-3.1.1/lib/web_console/templates/main.js.erb within layouts/javascript (0.3ms)
  Rendered /Users/vunhattan/.rbenv/versions/2.3.1/lib/ruby/gems/2.3.0/gems/web-console-3.1.1/lib/web_console/templates/index.html.erb (125.7ms)
Started GET "/users" for ::1 at 2016-09-20 16:38:49 +0900
Processing by UsersController#index as HTML
  Rendering users/index.html.erb within layouts/application
  [1m[36mUser Load (0.3ms)[0m  [1m[34mSELECT "users".* FROM "users"[0m
  Rendered users/index.html.erb within layouts/application (5.6ms)
Completed 200 OK in 146ms (Views: 107.8ms | ActiveRecord: 0.7ms)


Started GET "/users/new" for ::1 at 2016-09-20 16:38:51 +0900
Processing by UsersController#new as HTML
  Rendering users/new.html.erb within layouts/application
  Rendered users/_form.html.erb (1.9ms)
  Rendered users/new.html.erb within layouts/application (4.5ms)
Completed 200 OK in 35ms (Views: 20.5ms | ActiveRecord: 0.0ms)


Started POST "/users" for ::1 at 2016-09-20 16:38:51 +0900
Processing by UsersController#create as HTML
  Parameters: {"utf8"=>"✓", "authenticity_token"=>"iVL1dwQ4eATqYcSKAhAgcIOBYAoZAsQrgyvReTUh1Taqx11kR4GvZLBy/6K663UFqR9t+48XukvNGCIlnNSaNQ==", "user"=>{"name"=>"", "email"=>""}, "commit"=>"Create User"}
  [1m[35m (0.1ms)[0m  [1m[36mbegin transaction[0m
  [1m[35m (0.0ms)[0m  [1m[31mrollback transaction[0m
  Rendering users/new.html.erb within layouts/application
  Rendered users/_form.html.erb (2.3ms)
  Rendered users/new.html.erb within layouts/application (3.7ms)
Completed 200 OK in 22ms (Views: 19.7ms | ActiveRecord: 0.1ms)


